<?xml version="1.0" encoding="UTF-8"?>
<!-- Generated by org.testng.reporters.JUnitReportReporter -->
<testsuite hostname="SEAPPAM6537931" failures="0" tests="1" name="example.NewTest" time="5.534" errors="0" timestamp="18 Mar 2021 01:21:53 GMT">
  <testcase classname="example.NewTest" name="testEasy" time="5.534"/>
</testsuite> <!-- example.NewTest -->
